<?xml version="1.0" encoding="UTF-8"?>
<!-- Generated by org.testng.reporters.JUnitXMLReporter -->
<testsuite ignored="0" hostname="DESKTOP-7BV4KPI" failures="0" tests="11" name="Default test" time="33.086" errors="0" timestamp="2024-10-13T21:29:33 CEST">
  <testcase classname="com.qa.petClinic.tests.HomePageTests" name="checkNavigateToOwnersPage" time="0.429"/>
  <testcase classname="com.qa.petClinic.tests.HomePageTests" name="homePageTitleCheck" time="0.076"/>
  <testcase classname="com.qa.petClinic.tests.HomePageTests" name="homePageUrlCheck" time="0.011"/>
  <testcase classname="com.qa.petClinic.tests.OwnersPageTests" name="addNewOwnerFromUi" time="4.289"/>
  <testcase classname="com.qa.petClinic.tests.OwnersPageTests" name="invalidNameAdditionThrowsErrorFromUi" time="0.952"/>
  <testcase classname="com.qa.petClinic.tests.OwnersEndpointApiWithUITests" name="createOwnerFromUiAndDeleteOwnerByIdFromApi" time="0.648"/>
  <testcase classname="com.qa.petClinic.tests.OwnersEndpointApiWithUITests" name="ownersApiStatusCheck" time="0.056"/>
  <testcase classname="com.qa.petClinic.tests.PetEndpointApiTests" name="getPetNameByIdFromApi" time="0.051"/>
  <testcase classname="com.qa.petClinic.tests.PetEndpointApiTests" name="petsApiStatusCheck" time="0.042"/>
  <testcase classname="com.qa.petClinic.tests.PetEndpointApiTests" name="updatePetNameByIdFromApi" time="0.032"/>
  <testcase classname="com.qa.petClinic.tests.PetTypesEndpointApiTests" name="petTypesApiStatusCheck" time="0.041"/>
</testsuite> <!-- Default test -->
